<?xml version="1.0" encoding="UTF-8"?>
<testng-results ignored="0" total="1" passed="1" failed="0" skipped="0">
  <reporter-output>
  </reporter-output>
  <suite started-at="2021-05-26T01:17:42Z" name="Default suite" finished-at="2021-05-26T01:17:54Z" duration-ms="12032">
    <groups>
    </groups>
    <test started-at="2021-05-26T01:17:42Z" name="Default test" finished-at="2021-05-26T01:17:54Z" duration-ms="12032">
      <class name="restassure.GetData">
        <test-method is-config="true" signature="loginAPI()[pri:0, instance:restassure.GetData@13fd2ccd]" started-at="2021-05-25T18:17:38Z" name="loginAPI" finished-at="2021-05-25T18:17:42Z" duration-ms="3378" status="PASS">
          <reporter-output>
          </reporter-output>
        </test-method> <!-- loginAPI -->
        <test-method signature="GetData_01()[pri:1, instance:restassure.GetData@13fd2ccd]" started-at="2021-05-25T18:17:42Z" name="GetData_01" finished-at="2021-05-25T18:17:54Z" duration-ms="12006" status="PASS">
          <reporter-output>
          </reporter-output>
        </test-method> <!-- GetData_01 -->
      </class> <!-- restassure.GetData -->
    </test> <!-- Default test -->
  </suite> <!-- Default suite -->
</testng-results>
