<?xml version="1.0" encoding="UTF-8"?>
<!-- Generated by org.testng.reporters.JUnitXMLReporter -->
<testsuite ignored="1" hostname="Mahams-MacBook-Air.local" failures="0" tests="3" name="API_Testing" time="2.608" errors="0" timestamp="26 May 2021 01:14:19 GMT">
  <testcase classname="restassure.Login" name="Login_01" time="0.362"/>
  <testcase classname="restassure.Login" name="Login_02" time="1.962"/>
  <testcase classname="restassure.Login" name="Login_03" time="0.251"/>
  <testcase classname="restassure.AddData" name="AddData_01" time="0.0">
    <ignored/>
  </testcase> <!-- AddData_01 -->
</testsuite> <!-- API_Testing -->
